2022-12-10 16:43:05,316 INFO org.springframework.boot.StartupInfoLogger [restartedMain] Starting GeneralModuleApplication using Java 17.0.2 on DESKTOP-Q842RM6 with PID 3376 (D:\Car-Shopping\GeneralModule\target\classes started by ASUS in D:\Car-Shopping)
2022-12-10 16:43:05,321 DEBUG org.springframework.boot.StartupInfoLogger [restartedMain] Running with Spring Boot v2.7.4, Spring v5.3.23
2022-12-10 16:43:05,322 INFO org.springframework.boot.SpringApplication [restartedMain] No active profile set, falling back to 1 default profile: "default"
2022-12-10 16:43:05,434 INFO org.springframework.boot.logging.DeferredLog [restartedMain] Devtools property defaults active! Set 'spring.devtools.add-properties' to 'false' to disable
2022-12-10 16:43:05,435 INFO org.springframework.boot.logging.DeferredLog [restartedMain] For additional web related logging consider setting the 'logging.level.web' property to 'DEBUG'
2022-12-10 16:43:06,167 INFO org.springframework.data.repository.config.RepositoryConfigurationDelegate [restartedMain] Bootstrapping Spring Data JPA repositories in DEFAULT mode.
2022-12-10 16:43:06,240 INFO org.springframework.data.repository.config.RepositoryConfigurationDelegate [restartedMain] Finished Spring Data repository scanning in 57 ms. Found 3 JPA repository interfaces.
2022-12-10 16:43:07,077 INFO org.springframework.boot.web.embedded.tomcat.TomcatWebServer [restartedMain] Tomcat initialized with port(s): 8080 (http)
2022-12-10 16:43:07,089 INFO org.apache.juli.logging.DirectJDKLog [restartedMain] Initializing ProtocolHandler ["http-nio-8080"]
2022-12-10 16:43:07,090 INFO org.apache.juli.logging.DirectJDKLog [restartedMain] Starting service [Tomcat]
2022-12-10 16:43:07,090 INFO org.apache.juli.logging.DirectJDKLog [restartedMain] Starting Servlet engine: [Apache Tomcat/9.0.65]
2022-12-10 16:43:07,173 INFO org.apache.juli.logging.DirectJDKLog [restartedMain] Initializing Spring embedded WebApplicationContext
2022-12-10 16:43:07,174 INFO org.springframework.boot.web.servlet.context.ServletWebServerApplicationContext [restartedMain] Root WebApplicationContext: initialization completed in 1737 ms
2022-12-10 16:43:07,380 INFO org.hibernate.jpa.internal.util.LogHelper [restartedMain] HHH000204: Processing PersistenceUnitInfo [name: default]
2022-12-10 16:43:07,465 INFO org.hibernate.Version [restartedMain] HHH000412: Hibernate ORM core version 5.6.11.Final
2022-12-10 16:43:07,708 INFO org.hibernate.annotations.common.reflection.java.JavaReflectionManager [restartedMain] HCANN000001: Hibernate Commons Annotations {5.1.2.Final}
2022-12-10 16:43:07,864 INFO com.zaxxer.hikari.HikariDataSource [restartedMain] HikariPool-1 - Starting...
2022-12-10 16:43:08,796 INFO com.zaxxer.hikari.HikariDataSource [restartedMain] HikariPool-1 - Start completed.
2022-12-10 16:43:09,320 INFO org.hibernate.dialect.Dialect [restartedMain] HHH000400: Using dialect: org.hibernate.dialect.MySQL8Dialect
2022-12-10 16:43:15,890 INFO org.hibernate.engine.transaction.jta.platform.internal.JtaPlatformInitiator [restartedMain] HHH000490: Using JtaPlatform implementation: [org.hibernate.engine.transaction.jta.platform.internal.NoJtaPlatform]
2022-12-10 16:43:15,905 INFO org.springframework.orm.jpa.AbstractEntityManagerFactoryBean [restartedMain] Initialized JPA EntityManagerFactory for persistence unit 'default'
2022-12-10 16:43:17,031 WARN org.springframework.boot.autoconfigure.orm.jpa.JpaBaseConfiguration$JpaWebConfiguration [restartedMain] spring.jpa.open-in-view is enabled by default. Therefore, database queries may be performed during view rendering. Explicitly configure spring.jpa.open-in-view to disable this warning
2022-12-10 16:43:18,113 INFO org.springframework.security.web.DefaultSecurityFilterChain [restartedMain] Will secure any request with [org.springframework.security.web.session.DisableEncodeUrlFilter@30b8ccf9, org.springframework.security.web.context.request.async.WebAsyncManagerIntegrationFilter@13f4da88, org.springframework.security.web.context.SecurityContextPersistenceFilter@2ac169be, org.springframework.security.web.header.HeaderWriterFilter@63524ea7, org.springframework.security.web.authentication.logout.LogoutFilter@36059f99, com.tesla.reposervice.security.BeforeAuthenticationFilter@3edbec79, org.springframework.security.web.authentication.UsernamePasswordAuthenticationFilter@7adba2af, org.springframework.security.web.savedrequest.RequestCacheAwareFilter@58e937aa, org.springframework.security.web.servletapi.SecurityContextHolderAwareRequestFilter@46861099, org.springframework.security.web.authentication.AnonymousAuthenticationFilter@7ce3fd4c, org.springframework.security.web.session.SessionManagementFilter@3f4db50f, org.springframework.security.web.access.ExceptionTranslationFilter@7f862aab, org.springframework.security.web.access.intercept.FilterSecurityInterceptor@2a651fbe]
2022-12-10 16:43:18,274 INFO org.springframework.boot.devtools.autoconfigure.OptionalLiveReloadServer [restartedMain] LiveReload server is running on port 35729
2022-12-10 16:43:18,313 INFO org.apache.juli.logging.DirectJDKLog [restartedMain] Starting ProtocolHandler ["http-nio-8080"]
2022-12-10 16:43:18,366 INFO org.springframework.boot.web.embedded.tomcat.TomcatWebServer [restartedMain] Tomcat started on port(s): 8080 (http) with context path ''
2022-12-10 16:43:18,382 INFO org.springframework.boot.StartupInfoLogger [restartedMain] Started GeneralModuleApplication in 13.547 seconds (JVM running for 15.012)
2022-12-10 16:53:51,029 INFO org.springframework.orm.jpa.AbstractEntityManagerFactoryBean [SpringApplicationShutdownHook] Closing JPA EntityManagerFactory for persistence unit 'default'
2022-12-10 16:53:51,043 INFO com.zaxxer.hikari.HikariDataSource [SpringApplicationShutdownHook] HikariPool-1 - Shutdown initiated...
2022-12-10 16:53:51,089 INFO com.zaxxer.hikari.HikariDataSource [SpringApplicationShutdownHook] HikariPool-1 - Shutdown completed.
