2022-12-03 00:18:10,251 TRACE org.springframework.security.web.authentication.AbstractAuthenticationProcessingFilter [http-nio-8080-exec-9] Did not match request to Ant [pattern='/login', POST]
2022-12-03 00:18:10,355 TRACE org.springframework.security.web.authentication.AbstractAuthenticationProcessingFilter [http-nio-8080-exec-10] Did not match request to Ant [pattern='/login', POST]
2022-12-03 00:18:10,356 TRACE org.springframework.security.web.authentication.AbstractAuthenticationProcessingFilter [http-nio-8080-exec-4] Did not match request to Ant [pattern='/login', POST]
2022-12-03 00:18:10,358 TRACE org.springframework.security.web.authentication.AbstractAuthenticationProcessingFilter [http-nio-8080-exec-7] Did not match request to Ant [pattern='/login', POST]
2022-12-03 00:18:10,359 TRACE org.springframework.security.web.authentication.AbstractAuthenticationProcessingFilter [http-nio-8080-exec-8] Did not match request to Ant [pattern='/login', POST]
2022-12-03 00:18:10,360 TRACE org.springframework.security.web.authentication.AbstractAuthenticationProcessingFilter [http-nio-8080-exec-6] Did not match request to Ant [pattern='/login', POST]
2022-12-03 00:18:10,358 TRACE org.springframework.security.web.authentication.AbstractAuthenticationProcessingFilter [http-nio-8080-exec-2] Did not match request to Ant [pattern='/login', POST]
2022-12-03 00:18:10,385 TRACE org.springframework.security.web.authentication.AbstractAuthenticationProcessingFilter [http-nio-8080-exec-5] Did not match request to Ant [pattern='/login', POST]
2022-12-03 00:18:10,388 TRACE org.springframework.security.web.authentication.AbstractAuthenticationProcessingFilter [http-nio-8080-exec-1] Did not match request to Ant [pattern='/login', POST]
2022-12-03 00:18:10,405 TRACE org.springframework.security.web.authentication.AbstractAuthenticationProcessingFilter [http-nio-8080-exec-1] Did not match request to Ant [pattern='/login', POST]
2022-12-03 00:18:10,419 TRACE org.springframework.security.web.authentication.AbstractAuthenticationProcessingFilter [http-nio-8080-exec-3] Did not match request to Ant [pattern='/login', POST]
2022-12-03 00:18:10,425 TRACE org.springframework.security.web.authentication.AbstractAuthenticationProcessingFilter [http-nio-8080-exec-9] Did not match request to Ant [pattern='/login', POST]
2022-12-03 00:18:10,428 TRACE org.springframework.security.web.authentication.AbstractAuthenticationProcessingFilter [http-nio-8080-exec-1] Did not match request to Ant [pattern='/login', POST]
2022-12-03 00:18:10,436 TRACE org.springframework.security.web.authentication.AbstractAuthenticationProcessingFilter [http-nio-8080-exec-4] Did not match request to Ant [pattern='/login', POST]
2022-12-03 00:18:10,450 TRACE org.springframework.security.web.authentication.AbstractAuthenticationProcessingFilter [http-nio-8080-exec-7] Did not match request to Ant [pattern='/login', POST]
2022-12-03 00:18:10,472 TRACE org.springframework.security.web.authentication.AbstractAuthenticationProcessingFilter [http-nio-8080-exec-8] Did not match request to Ant [pattern='/login', POST]
2022-12-03 00:18:10,479 TRACE org.springframework.security.web.authentication.AbstractAuthenticationProcessingFilter [http-nio-8080-exec-2] Did not match request to Ant [pattern='/login', POST]
2022-12-03 00:18:10,479 TRACE org.springframework.security.web.authentication.AbstractAuthenticationProcessingFilter [http-nio-8080-exec-6] Did not match request to Ant [pattern='/login', POST]
2022-12-03 00:18:10,509 TRACE org.springframework.security.web.authentication.AbstractAuthenticationProcessingFilter [http-nio-8080-exec-10] Did not match request to Ant [pattern='/login', POST]
2022-12-03 00:18:10,518 TRACE org.springframework.security.web.authentication.AbstractAuthenticationProcessingFilter [http-nio-8080-exec-1] Did not match request to Ant [pattern='/login', POST]
2022-12-03 00:18:10,527 TRACE org.springframework.security.web.authentication.AbstractAuthenticationProcessingFilter [http-nio-8080-exec-5] Did not match request to Ant [pattern='/login', POST]
2022-12-03 00:18:10,545 TRACE org.springframework.security.web.authentication.AbstractAuthenticationProcessingFilter [http-nio-8080-exec-3] Did not match request to Ant [pattern='/login', POST]
2022-12-03 00:18:10,567 TRACE org.springframework.security.web.authentication.AbstractAuthenticationProcessingFilter [http-nio-8080-exec-7] Did not match request to Ant [pattern='/login', POST]
2022-12-03 00:18:10,575 TRACE org.springframework.security.web.authentication.AbstractAuthenticationProcessingFilter [http-nio-8080-exec-4] Did not match request to Ant [pattern='/login', POST]
2022-12-03 00:19:56,667 TRACE org.springframework.security.web.authentication.AbstractAuthenticationProcessingFilter [http-nio-8080-exec-4] Did not match request to Ant [pattern='/login', POST]
2022-12-03 00:19:56,745 TRACE org.springframework.security.web.authentication.AbstractAuthenticationProcessingFilter [http-nio-8080-exec-1] Did not match request to Ant [pattern='/login', POST]
2022-12-03 00:19:56,745 TRACE org.springframework.security.web.authentication.AbstractAuthenticationProcessingFilter [http-nio-8080-exec-3] Did not match request to Ant [pattern='/login', POST]
2022-12-03 00:19:56,746 TRACE org.springframework.security.web.authentication.AbstractAuthenticationProcessingFilter [http-nio-8080-exec-2] Did not match request to Ant [pattern='/login', POST]
2022-12-03 00:19:56,749 TRACE org.springframework.security.web.authentication.AbstractAuthenticationProcessingFilter [http-nio-8080-exec-3] Did not match request to Ant [pattern='/login', POST]
2022-12-03 00:19:56,749 TRACE org.springframework.security.web.authentication.AbstractAuthenticationProcessingFilter [http-nio-8080-exec-2] Did not match request to Ant [pattern='/login', POST]
2022-12-03 00:19:56,749 TRACE org.springframework.security.web.authentication.AbstractAuthenticationProcessingFilter [http-nio-8080-exec-5] Did not match request to Ant [pattern='/login', POST]
2022-12-03 00:19:56,755 TRACE org.springframework.security.web.authentication.AbstractAuthenticationProcessingFilter [http-nio-8080-exec-6] Did not match request to Ant [pattern='/login', POST]
2022-12-03 00:19:56,757 TRACE org.springframework.security.web.authentication.AbstractAuthenticationProcessingFilter [http-nio-8080-exec-8] Did not match request to Ant [pattern='/login', POST]
2022-12-03 00:19:56,757 TRACE org.springframework.security.web.authentication.AbstractAuthenticationProcessingFilter [http-nio-8080-exec-9] Did not match request to Ant [pattern='/login', POST]
2022-12-03 00:19:56,766 TRACE org.springframework.security.web.authentication.AbstractAuthenticationProcessingFilter [http-nio-8080-exec-4] Did not match request to Ant [pattern='/login', POST]
2022-12-03 00:19:56,766 TRACE org.springframework.security.web.authentication.AbstractAuthenticationProcessingFilter [http-nio-8080-exec-1] Did not match request to Ant [pattern='/login', POST]
2022-12-03 00:19:56,767 TRACE org.springframework.security.web.authentication.AbstractAuthenticationProcessingFilter [http-nio-8080-exec-10] Did not match request to Ant [pattern='/login', POST]
2022-12-03 00:19:56,769 TRACE org.springframework.security.web.authentication.AbstractAuthenticationProcessingFilter [http-nio-8080-exec-7] Did not match request to Ant [pattern='/login', POST]
2022-12-03 00:19:56,777 TRACE org.springframework.security.web.authentication.AbstractAuthenticationProcessingFilter [http-nio-8080-exec-2] Did not match request to Ant [pattern='/login', POST]
2022-12-03 00:19:56,790 TRACE org.springframework.security.web.authentication.AbstractAuthenticationProcessingFilter [http-nio-8080-exec-3] Did not match request to Ant [pattern='/login', POST]
2022-12-03 00:19:56,869 TRACE org.springframework.security.web.authentication.AbstractAuthenticationProcessingFilter [http-nio-8080-exec-5] Did not match request to Ant [pattern='/login', POST]
2022-12-03 00:19:56,871 TRACE org.springframework.security.web.authentication.AbstractAuthenticationProcessingFilter [http-nio-8080-exec-6] Did not match request to Ant [pattern='/login', POST]
2022-12-03 00:20:01,472 TRACE org.springframework.security.web.authentication.AbstractAuthenticationProcessingFilter [http-nio-8080-exec-8] Did not match request to Ant [pattern='/login', POST]
2022-12-03 00:20:01,500 TRACE org.springframework.security.web.authentication.AbstractAuthenticationProcessingFilter [http-nio-8080-exec-9] Did not match request to Ant [pattern='/login', POST]
2022-12-03 00:20:01,505 TRACE org.springframework.security.web.authentication.AbstractAuthenticationProcessingFilter [http-nio-8080-exec-4] Did not match request to Ant [pattern='/login', POST]
2022-12-03 00:20:01,506 TRACE org.springframework.security.web.authentication.AbstractAuthenticationProcessingFilter [http-nio-8080-exec-3] Did not match request to Ant [pattern='/login', POST]
2022-12-03 00:20:01,506 TRACE org.springframework.security.web.authentication.AbstractAuthenticationProcessingFilter [http-nio-8080-exec-2] Did not match request to Ant [pattern='/login', POST]
2022-12-03 00:20:01,510 TRACE org.springframework.security.web.authentication.AbstractAuthenticationProcessingFilter [http-nio-8080-exec-1] Did not match request to Ant [pattern='/login', POST]
2022-12-03 00:20:01,512 TRACE org.springframework.security.web.authentication.AbstractAuthenticationProcessingFilter [http-nio-8080-exec-5] Did not match request to Ant [pattern='/login', POST]
2022-12-03 00:20:01,515 TRACE org.springframework.security.web.authentication.AbstractAuthenticationProcessingFilter [http-nio-8080-exec-7] Did not match request to Ant [pattern='/login', POST]
2022-12-03 00:20:01,520 TRACE org.springframework.security.web.authentication.AbstractAuthenticationProcessingFilter [http-nio-8080-exec-6] Did not match request to Ant [pattern='/login', POST]
2022-12-03 00:20:01,520 TRACE org.springframework.security.web.authentication.AbstractAuthenticationProcessingFilter [http-nio-8080-exec-10] Did not match request to Ant [pattern='/login', POST]
2022-12-03 00:20:01,520 TRACE org.springframework.security.web.authentication.AbstractAuthenticationProcessingFilter [http-nio-8080-exec-8] Did not match request to Ant [pattern='/login', POST]
2022-12-03 00:28:44,579 INFO org.springframework.orm.jpa.AbstractEntityManagerFactoryBean [SpringApplicationShutdownHook] Closing JPA EntityManagerFactory for persistence unit 'default'
2022-12-03 00:28:44,584 INFO com.zaxxer.hikari.HikariDataSource [SpringApplicationShutdownHook] HikariPool-1 - Shutdown initiated...
2022-12-03 00:28:44,590 INFO com.zaxxer.hikari.HikariDataSource [SpringApplicationShutdownHook] HikariPool-1 - Shutdown completed.
2022-12-03 00:53:51,260 INFO org.springframework.boot.StartupInfoLogger [restartedMain] Starting GeneralModuleApplication using Java 17.0.2 on DESKTOP-Q842RM6 with PID 9300 (D:\Car-Shopping\GeneralModule\target\classes started by ASUS in D:\Car-Shopping)
2022-12-03 00:53:51,263 DEBUG org.springframework.boot.StartupInfoLogger [restartedMain] Running with Spring Boot v2.7.4, Spring v5.3.23
2022-12-03 00:53:51,263 INFO org.springframework.boot.SpringApplication [restartedMain] No active profile set, falling back to 1 default profile: "default"
2022-12-03 00:53:51,314 INFO org.springframework.boot.logging.DeferredLog [restartedMain] Devtools property defaults active! Set 'spring.devtools.add-properties' to 'false' to disable
2022-12-03 00:53:51,314 INFO org.springframework.boot.logging.DeferredLog [restartedMain] For additional web related logging consider setting the 'logging.level.web' property to 'DEBUG'
2022-12-03 00:53:51,841 INFO org.springframework.data.repository.config.RepositoryConfigurationDelegate [restartedMain] Bootstrapping Spring Data JPA repositories in DEFAULT mode.
2022-12-03 00:53:51,891 INFO org.springframework.data.repository.config.RepositoryConfigurationDelegate [restartedMain] Finished Spring Data repository scanning in 40 ms. Found 3 JPA repository interfaces.
2022-12-03 00:53:52,587 INFO org.springframework.boot.web.embedded.tomcat.TomcatWebServer [restartedMain] Tomcat initialized with port(s): 8080 (http)
2022-12-03 00:53:52,595 INFO org.apache.juli.logging.DirectJDKLog [restartedMain] Initializing ProtocolHandler ["http-nio-8080"]
2022-12-03 00:53:52,596 INFO org.apache.juli.logging.DirectJDKLog [restartedMain] Starting service [Tomcat]
2022-12-03 00:53:52,596 INFO org.apache.juli.logging.DirectJDKLog [restartedMain] Starting Servlet engine: [Apache Tomcat/9.0.65]
2022-12-03 00:53:52,658 INFO org.apache.juli.logging.DirectJDKLog [restartedMain] Initializing Spring embedded WebApplicationContext
2022-12-03 00:53:52,658 INFO org.springframework.boot.web.servlet.context.ServletWebServerApplicationContext [restartedMain] Root WebApplicationContext: initialization completed in 1343 ms
2022-12-03 00:53:52,827 INFO org.hibernate.jpa.internal.util.LogHelper [restartedMain] HHH000204: Processing PersistenceUnitInfo [name: default]
2022-12-03 00:53:52,895 INFO org.hibernate.Version [restartedMain] HHH000412: Hibernate ORM core version 5.6.11.Final
2022-12-03 00:53:53,064 INFO org.hibernate.annotations.common.reflection.java.JavaReflectionManager [restartedMain] HCANN000001: Hibernate Commons Annotations {5.1.2.Final}
2022-12-03 00:53:53,168 INFO com.zaxxer.hikari.HikariDataSource [restartedMain] HikariPool-1 - Starting...
2022-12-03 00:53:53,498 INFO com.zaxxer.hikari.HikariDataSource [restartedMain] HikariPool-1 - Start completed.
2022-12-03 00:53:53,529 INFO org.hibernate.dialect.Dialect [restartedMain] HHH000400: Using dialect: org.hibernate.dialect.MySQL8Dialect
2022-12-03 00:53:54,165 INFO org.hibernate.engine.transaction.jta.platform.internal.JtaPlatformInitiator [restartedMain] HHH000490: Using JtaPlatform implementation: [org.hibernate.engine.transaction.jta.platform.internal.NoJtaPlatform]
2022-12-03 00:53:54,172 INFO org.springframework.orm.jpa.AbstractEntityManagerFactoryBean [restartedMain] Initialized JPA EntityManagerFactory for persistence unit 'default'
2022-12-03 00:53:54,541 WARN org.springframework.boot.autoconfigure.orm.jpa.JpaBaseConfiguration$JpaWebConfiguration [restartedMain] spring.jpa.open-in-view is enabled by default. Therefore, database queries may be performed during view rendering. Explicitly configure spring.jpa.open-in-view to disable this warning
2022-12-03 00:53:54,918 INFO org.springframework.security.web.DefaultSecurityFilterChain [restartedMain] Will secure any request with [org.springframework.security.web.session.DisableEncodeUrlFilter@339e9ab9, org.springframework.security.web.context.request.async.WebAsyncManagerIntegrationFilter@570a05c, org.springframework.security.web.context.SecurityContextPersistenceFilter@249fdc0f, org.springframework.security.web.header.HeaderWriterFilter@6b535043, org.springframework.security.web.authentication.logout.LogoutFilter@17f5b3c4, com.tesla.reposervice.security.BeforeAuthenticationFilter@53a11ef, org.springframework.security.web.authentication.UsernamePasswordAuthenticationFilter@7fca4366, org.springframework.security.web.savedrequest.RequestCacheAwareFilter@2646bb5c, org.springframework.security.web.servletapi.SecurityContextHolderAwareRequestFilter@78cfdae3, org.springframework.security.web.authentication.AnonymousAuthenticationFilter@4dfa6d8d, org.springframework.security.web.session.SessionManagementFilter@73ca5bdc, org.springframework.security.web.access.ExceptionTranslationFilter@2360d30e, org.springframework.security.web.access.intercept.FilterSecurityInterceptor@4aeac976]
2022-12-03 00:53:54,959 INFO org.springframework.boot.devtools.autoconfigure.OptionalLiveReloadServer [restartedMain] LiveReload server is running on port 35729
2022-12-03 00:53:54,973 INFO org.apache.juli.logging.DirectJDKLog [restartedMain] Starting ProtocolHandler ["http-nio-8080"]
2022-12-03 00:53:54,992 INFO org.springframework.boot.web.embedded.tomcat.TomcatWebServer [restartedMain] Tomcat started on port(s): 8080 (http) with context path ''
2022-12-03 00:53:55,001 INFO org.springframework.boot.StartupInfoLogger [restartedMain] Started GeneralModuleApplication in 4.091 seconds (JVM running for 5.058)
2022-12-03 00:54:07,644 INFO org.apache.juli.logging.DirectJDKLog [http-nio-8080-exec-1] Initializing Spring DispatcherServlet 'dispatcherServlet'
2022-12-03 00:54:07,645 INFO org.springframework.web.servlet.FrameworkServlet [http-nio-8080-exec-1] Initializing Servlet 'dispatcherServlet'
2022-12-03 00:54:07,646 INFO org.springframework.web.servlet.FrameworkServlet [http-nio-8080-exec-1] Completed initialization in 1 ms
2022-12-03 00:54:07,658 TRACE org.springframework.security.web.authentication.AbstractAuthenticationProcessingFilter [http-nio-8080-exec-1] Did not match request to Ant [pattern='/login', POST]
2022-12-03 00:54:07,847 TRACE org.springframework.security.web.authentication.AbstractAuthenticationProcessingFilter [http-nio-8080-exec-4] Did not match request to Ant [pattern='/login', POST]
2022-12-03 00:54:07,847 TRACE org.springframework.security.web.authentication.AbstractAuthenticationProcessingFilter [http-nio-8080-exec-2] Did not match request to Ant [pattern='/login', POST]
2022-12-03 00:54:07,855 TRACE org.springframework.security.web.authentication.AbstractAuthenticationProcessingFilter [http-nio-8080-exec-6] Did not match request to Ant [pattern='/login', POST]
2022-12-03 00:54:07,855 TRACE org.springframework.security.web.authentication.AbstractAuthenticationProcessingFilter [http-nio-8080-exec-3] Did not match request to Ant [pattern='/login', POST]
2022-12-03 00:54:07,856 TRACE org.springframework.security.web.authentication.AbstractAuthenticationProcessingFilter [http-nio-8080-exec-5] Did not match request to Ant [pattern='/login', POST]
2022-12-03 00:54:07,917 TRACE org.springframework.security.web.authentication.AbstractAuthenticationProcessingFilter [http-nio-8080-exec-7] Did not match request to Ant [pattern='/login', POST]
2022-12-03 00:54:07,923 TRACE org.springframework.security.web.authentication.AbstractAuthenticationProcessingFilter [http-nio-8080-exec-8] Did not match request to Ant [pattern='/login', POST]
2022-12-03 00:54:07,927 TRACE org.springframework.security.web.authentication.AbstractAuthenticationProcessingFilter [http-nio-8080-exec-9] Did not match request to Ant [pattern='/login', POST]
2022-12-03 00:54:07,961 TRACE org.springframework.security.web.authentication.AbstractAuthenticationProcessingFilter [http-nio-8080-exec-10] Did not match request to Ant [pattern='/login', POST]
2022-12-03 00:54:07,992 TRACE org.springframework.security.web.authentication.AbstractAuthenticationProcessingFilter [http-nio-8080-exec-5] Did not match request to Ant [pattern='/login', POST]
2022-12-03 00:54:07,994 TRACE org.springframework.security.web.authentication.AbstractAuthenticationProcessingFilter [http-nio-8080-exec-4] Did not match request to Ant [pattern='/login', POST]
2022-12-03 00:54:07,994 TRACE org.springframework.security.web.authentication.AbstractAuthenticationProcessingFilter [http-nio-8080-exec-3] Did not match request to Ant [pattern='/login', POST]
2022-12-03 00:54:08,014 TRACE org.springframework.security.web.authentication.AbstractAuthenticationProcessingFilter [http-nio-8080-exec-7] Did not match request to Ant [pattern='/login', POST]
2022-12-03 00:54:08,018 TRACE org.springframework.security.web.authentication.AbstractAuthenticationProcessingFilter [http-nio-8080-exec-6] Did not match request to Ant [pattern='/login', POST]
2022-12-03 00:54:08,039 TRACE org.springframework.security.web.authentication.AbstractAuthenticationProcessingFilter [http-nio-8080-exec-2] Did not match request to Ant [pattern='/login', POST]
2022-12-03 00:54:08,039 TRACE org.springframework.security.web.authentication.AbstractAuthenticationProcessingFilter [http-nio-8080-exec-1] Did not match request to Ant [pattern='/login', POST]
2022-12-03 00:54:08,887 TRACE org.springframework.security.web.authentication.AbstractAuthenticationProcessingFilter [http-nio-8080-exec-5] Did not match request to Ant [pattern='/login', POST]
2022-12-03 00:54:08,973 TRACE org.springframework.security.web.authentication.AbstractAuthenticationProcessingFilter [http-nio-8080-exec-4] Did not match request to Ant [pattern='/login', POST]
2022-12-03 00:54:08,973 TRACE org.springframework.security.web.authentication.AbstractAuthenticationProcessingFilter [http-nio-8080-exec-7] Did not match request to Ant [pattern='/login', POST]
2022-12-03 00:54:08,976 TRACE org.springframework.security.web.authentication.AbstractAuthenticationProcessingFilter [http-nio-8080-exec-6] Did not match request to Ant [pattern='/login', POST]
2022-12-03 00:54:08,976 TRACE org.springframework.security.web.authentication.AbstractAuthenticationProcessingFilter [http-nio-8080-exec-3] Did not match request to Ant [pattern='/login', POST]
2022-12-03 00:54:08,988 TRACE org.springframework.security.web.authentication.AbstractAuthenticationProcessingFilter [http-nio-8080-exec-2] Did not match request to Ant [pattern='/login', POST]
2022-12-03 00:54:08,990 TRACE org.springframework.security.web.authentication.AbstractAuthenticationProcessingFilter [http-nio-8080-exec-8] Did not match request to Ant [pattern='/login', POST]
2022-12-03 00:54:08,997 TRACE org.springframework.security.web.authentication.AbstractAuthenticationProcessingFilter [http-nio-8080-exec-9] Did not match request to Ant [pattern='/login', POST]
2022-12-03 00:54:08,997 TRACE org.springframework.security.web.authentication.AbstractAuthenticationProcessingFilter [http-nio-8080-exec-1] Did not match request to Ant [pattern='/login', POST]
2022-12-03 00:54:08,997 TRACE org.springframework.security.web.authentication.AbstractAuthenticationProcessingFilter [http-nio-8080-exec-5] Did not match request to Ant [pattern='/login', POST]
2022-12-03 00:54:08,997 TRACE org.springframework.security.web.authentication.AbstractAuthenticationProcessingFilter [http-nio-8080-exec-10] Did not match request to Ant [pattern='/login', POST]
2022-12-03 00:54:09,002 TRACE org.springframework.security.web.authentication.AbstractAuthenticationProcessingFilter [http-nio-8080-exec-6] Did not match request to Ant [pattern='/login', POST]
2022-12-03 00:54:09,002 TRACE org.springframework.security.web.authentication.AbstractAuthenticationProcessingFilter [http-nio-8080-exec-7] Did not match request to Ant [pattern='/login', POST]
2022-12-03 00:54:09,026 TRACE org.springframework.security.web.authentication.AbstractAuthenticationProcessingFilter [http-nio-8080-exec-3] Did not match request to Ant [pattern='/login', POST]
2022-12-03 00:54:09,026 TRACE org.springframework.security.web.authentication.AbstractAuthenticationProcessingFilter [http-nio-8080-exec-4] Did not match request to Ant [pattern='/login', POST]
2022-12-03 00:54:09,026 TRACE org.springframework.security.web.authentication.AbstractAuthenticationProcessingFilter [http-nio-8080-exec-2] Did not match request to Ant [pattern='/login', POST]
2022-12-03 00:54:09,027 TRACE org.springframework.security.web.authentication.AbstractAuthenticationProcessingFilter [http-nio-8080-exec-10] Did not match request to Ant [pattern='/login', POST]
2022-12-03 00:54:09,027 TRACE org.springframework.security.web.authentication.AbstractAuthenticationProcessingFilter [http-nio-8080-exec-8] Did not match request to Ant [pattern='/login', POST]
2022-12-03 00:54:09,032 TRACE org.springframework.security.web.authentication.AbstractAuthenticationProcessingFilter [http-nio-8080-exec-1] Did not match request to Ant [pattern='/login', POST]
2022-12-03 00:54:09,041 TRACE org.springframework.security.web.authentication.AbstractAuthenticationProcessingFilter [http-nio-8080-exec-9] Did not match request to Ant [pattern='/login', POST]
2022-12-03 00:54:09,041 TRACE org.springframework.security.web.authentication.AbstractAuthenticationProcessingFilter [http-nio-8080-exec-5] Did not match request to Ant [pattern='/login', POST]
2022-12-03 00:54:09,090 TRACE org.springframework.security.web.authentication.AbstractAuthenticationProcessingFilter [http-nio-8080-exec-7] Did not match request to Ant [pattern='/login', POST]
2022-12-03 00:54:09,455 TRACE org.springframework.security.web.authentication.AbstractAuthenticationProcessingFilter [http-nio-8080-exec-6] Did not match request to Ant [pattern='/login', POST]
2022-12-03 00:54:09,456 TRACE org.springframework.security.web.authentication.AbstractAuthenticationProcessingFilter [http-nio-8080-exec-2] Did not match request to Ant [pattern='/login', POST]
2022-12-03 00:54:09,458 TRACE org.springframework.security.web.authentication.AbstractAuthenticationProcessingFilter [http-nio-8080-exec-4] Did not match request to Ant [pattern='/login', POST]
2022-12-03 00:54:09,461 TRACE org.springframework.security.web.authentication.AbstractAuthenticationProcessingFilter [http-nio-8080-exec-3] Did not match request to Ant [pattern='/login', POST]
2022-12-03 00:54:09,521 TRACE org.springframework.security.web.authentication.AbstractAuthenticationProcessingFilter [http-nio-8080-exec-8] Did not match request to Ant [pattern='/login', POST]
2022-12-03 00:54:09,731 TRACE org.springframework.security.web.authentication.AbstractAuthenticationProcessingFilter [http-nio-8080-exec-6] Did not match request to Ant [pattern='/login', POST]
2022-12-03 00:54:19,175 TRACE org.springframework.security.web.authentication.AbstractAuthenticationProcessingFilter [http-nio-8080-exec-2] Did not match request to Ant [pattern='/login', POST]
2022-12-03 00:54:19,222 TRACE org.springframework.security.web.authentication.AbstractAuthenticationProcessingFilter [http-nio-8080-exec-8] Did not match request to Ant [pattern='/login', POST]
2022-12-03 00:54:19,258 TRACE org.springframework.security.web.authentication.AbstractAuthenticationProcessingFilter [http-nio-8080-exec-1] Did not match request to Ant [pattern='/login', POST]
2022-12-03 00:54:19,259 TRACE org.springframework.security.web.authentication.AbstractAuthenticationProcessingFilter [http-nio-8080-exec-9] Did not match request to Ant [pattern='/login', POST]
2022-12-03 00:54:19,261 TRACE org.springframework.security.web.authentication.AbstractAuthenticationProcessingFilter [http-nio-8080-exec-10] Did not match request to Ant [pattern='/login', POST]
2022-12-03 00:54:19,261 TRACE org.springframework.security.web.authentication.AbstractAuthenticationProcessingFilter [http-nio-8080-exec-4] Did not match request to Ant [pattern='/login', POST]
2022-12-03 00:54:19,262 TRACE org.springframework.security.web.authentication.AbstractAuthenticationProcessingFilter [http-nio-8080-exec-5] Did not match request to Ant [pattern='/login', POST]
2022-12-03 00:54:19,264 TRACE org.springframework.security.web.authentication.AbstractAuthenticationProcessingFilter [http-nio-8080-exec-7] Did not match request to Ant [pattern='/login', POST]
2022-12-03 00:54:19,275 TRACE org.springframework.security.web.authentication.AbstractAuthenticationProcessingFilter [http-nio-8080-exec-6] Did not match request to Ant [pattern='/login', POST]
2022-12-03 00:54:19,275 TRACE org.springframework.security.web.authentication.AbstractAuthenticationProcessingFilter [http-nio-8080-exec-3] Did not match request to Ant [pattern='/login', POST]
2022-12-03 00:54:19,276 TRACE org.springframework.security.web.authentication.AbstractAuthenticationProcessingFilter [http-nio-8080-exec-2] Did not match request to Ant [pattern='/login', POST]
2022-12-03 00:54:19,276 TRACE org.springframework.security.web.authentication.AbstractAuthenticationProcessingFilter [http-nio-8080-exec-8] Did not match request to Ant [pattern='/login', POST]
2022-12-03 00:54:19,276 TRACE org.springframework.security.web.authentication.AbstractAuthenticationProcessingFilter [http-nio-8080-exec-4] Did not match request to Ant [pattern='/login', POST]
2022-12-03 00:54:19,287 TRACE org.springframework.security.web.authentication.AbstractAuthenticationProcessingFilter [http-nio-8080-exec-10] Did not match request to Ant [pattern='/login', POST]
2022-12-03 00:54:19,305 TRACE org.springframework.security.web.authentication.AbstractAuthenticationProcessingFilter [http-nio-8080-exec-5] Did not match request to Ant [pattern='/login', POST]
2022-12-03 00:54:19,335 TRACE org.springframework.security.web.authentication.AbstractAuthenticationProcessingFilter [http-nio-8080-exec-7] Did not match request to Ant [pattern='/login', POST]
2022-12-03 00:54:30,300 INFO com.tesla.reposervice.security.BeforeAuthenticationFilter [http-nio-8080-exec-4] USER login email = narekmartirosyanbm21@gmail.com
2022-12-03 00:54:30,459 DEBUG org.springframework.security.web.authentication.AbstractAuthenticationProcessingFilter [http-nio-8080-exec-4] Set SecurityContextHolder to UsernamePasswordAuthenticationToken [Principal=com.tesla.reposervice.security.CurrentUser [Username=narekmartirosyanbm21@gmail.com, Password=[PROTECTED], Enabled=true, AccountNonExpired=true, credentialsNonExpired=true, AccountNonLocked=true, Granted Authorities=[USER]], Credentials=[PROTECTED], Authenticated=true, Details=WebAuthenticationDetails [RemoteIpAddress=0:0:0:0:0:0:0:1, SessionId=A3A124F9EEB67B565F17345C6704A0A8], Granted Authorities=[USER]]
2022-12-03 00:54:30,463 TRACE org.springframework.security.web.authentication.AbstractAuthenticationProcessingFilter [http-nio-8080-exec-5] Did not match request to Ant [pattern='/login', POST]
2022-12-03 00:54:30,466 TRACE org.springframework.security.web.authentication.AbstractAuthenticationProcessingFilter [http-nio-8080-exec-5] Did not match request to Ant [pattern='/login', POST]
2022-12-03 00:54:59,217 TRACE org.springframework.security.web.authentication.AbstractAuthenticationProcessingFilter [http-nio-8080-exec-6] Did not match request to Ant [pattern='/login', POST]
2022-12-03 00:54:59,249 TRACE org.springframework.security.web.authentication.AbstractAuthenticationProcessingFilter [http-nio-8080-exec-3] Did not match request to Ant [pattern='/login', POST]
2022-12-03 00:54:59,249 TRACE org.springframework.security.web.authentication.AbstractAuthenticationProcessingFilter [http-nio-8080-exec-1] Did not match request to Ant [pattern='/login', POST]
2022-12-03 00:54:59,252 TRACE org.springframework.security.web.authentication.AbstractAuthenticationProcessingFilter [http-nio-8080-exec-2] Did not match request to Ant [pattern='/login', POST]
2022-12-03 00:54:59,252 TRACE org.springframework.security.web.authentication.AbstractAuthenticationProcessingFilter [http-nio-8080-exec-8] Did not match request to Ant [pattern='/login', POST]
2022-12-03 00:54:59,252 TRACE org.springframework.security.web.authentication.AbstractAuthenticationProcessingFilter [http-nio-8080-exec-9] Did not match request to Ant [pattern='/login', POST]
2022-12-03 00:54:59,252 TRACE org.springframework.security.web.authentication.AbstractAuthenticationProcessingFilter [http-nio-8080-exec-4] Did not match request to Ant [pattern='/login', POST]
2022-12-03 00:54:59,258 TRACE org.springframework.security.web.authentication.AbstractAuthenticationProcessingFilter [http-nio-8080-exec-10] Did not match request to Ant [pattern='/login', POST]
2022-12-03 00:54:59,258 TRACE org.springframework.security.web.authentication.AbstractAuthenticationProcessingFilter [http-nio-8080-exec-5] Did not match request to Ant [pattern='/login', POST]
2022-12-03 00:54:59,268 TRACE org.springframework.security.web.authentication.AbstractAuthenticationProcessingFilter [http-nio-8080-exec-6] Did not match request to Ant [pattern='/login', POST]
2022-12-03 00:54:59,269 TRACE org.springframework.security.web.authentication.AbstractAuthenticationProcessingFilter [http-nio-8080-exec-7] Did not match request to Ant [pattern='/login', POST]
2022-12-03 00:54:59,268 TRACE org.springframework.security.web.authentication.AbstractAuthenticationProcessingFilter [http-nio-8080-exec-1] Did not match request to Ant [pattern='/login', POST]
2022-12-03 00:54:59,284 TRACE org.springframework.security.web.authentication.AbstractAuthenticationProcessingFilter [http-nio-8080-exec-3] Did not match request to Ant [pattern='/login', POST]
2022-12-03 00:54:59,287 TRACE org.springframework.security.web.authentication.AbstractAuthenticationProcessingFilter [http-nio-8080-exec-4] Did not match request to Ant [pattern='/login', POST]
2022-12-03 00:54:59,350 TRACE org.springframework.security.web.authentication.AbstractAuthenticationProcessingFilter [http-nio-8080-exec-8] Did not match request to Ant [pattern='/login', POST]
2022-12-03 00:55:05,874 INFO com.tesla.reposervice.security.BeforeAuthenticationFilter [http-nio-8080-exec-6] USER login email = narek@nm
2022-12-03 00:55:05,954 DEBUG org.springframework.security.web.authentication.AbstractAuthenticationProcessingFilter [http-nio-8080-exec-6] Set SecurityContextHolder to UsernamePasswordAuthenticationToken [Principal=com.tesla.reposervice.security.CurrentUser [Username=narek@nm, Password=[PROTECTED], Enabled=true, AccountNonExpired=true, credentialsNonExpired=true, AccountNonLocked=true, Granted Authorities=[ADMIN]], Credentials=[PROTECTED], Authenticated=true, Details=WebAuthenticationDetails [RemoteIpAddress=0:0:0:0:0:0:0:1, SessionId=A3A124F9EEB67B565F17345C6704A0A8], Granted Authorities=[ADMIN]]
2022-12-03 00:55:05,958 TRACE org.springframework.security.web.authentication.AbstractAuthenticationProcessingFilter [http-nio-8080-exec-3] Did not match request to Ant [pattern='/login', POST]
2022-12-03 00:55:05,995 TRACE org.springframework.security.web.authentication.AbstractAuthenticationProcessingFilter [http-nio-8080-exec-4] Did not match request to Ant [pattern='/login', POST]
2022-12-03 00:55:05,996 TRACE org.springframework.security.web.authentication.AbstractAuthenticationProcessingFilter [http-nio-8080-exec-8] Did not match request to Ant [pattern='/login', POST]
2022-12-03 00:55:06,001 TRACE org.springframework.security.web.authentication.AbstractAuthenticationProcessingFilter [http-nio-8080-exec-5] Did not match request to Ant [pattern='/login', POST]
2022-12-03 00:55:06,002 TRACE org.springframework.security.web.authentication.AbstractAuthenticationProcessingFilter [http-nio-8080-exec-1] Did not match request to Ant [pattern='/login', POST]
2022-12-03 00:55:06,003 TRACE org.springframework.security.web.authentication.AbstractAuthenticationProcessingFilter [http-nio-8080-exec-2] Did not match request to Ant [pattern='/login', POST]
2022-12-03 00:55:06,006 TRACE org.springframework.security.web.authentication.AbstractAuthenticationProcessingFilter [http-nio-8080-exec-5] Did not match request to Ant [pattern='/login', POST]
2022-12-03 00:55:06,012 TRACE org.springframework.security.web.authentication.AbstractAuthenticationProcessingFilter [http-nio-8080-exec-10] Did not match request to Ant [pattern='/login', POST]
2022-12-03 00:55:06,014 TRACE org.springframework.security.web.authentication.AbstractAuthenticationProcessingFilter [http-nio-8080-exec-6] Did not match request to Ant [pattern='/login', POST]
2022-12-03 00:55:06,014 TRACE org.springframework.security.web.authentication.AbstractAuthenticationProcessingFilter [http-nio-8080-exec-7] Did not match request to Ant [pattern='/login', POST]
2022-12-03 00:55:06,015 TRACE org.springframework.security.web.authentication.AbstractAuthenticationProcessingFilter [http-nio-8080-exec-3] Did not match request to Ant [pattern='/login', POST]
2022-12-03 00:55:06,023 TRACE org.springframework.security.web.authentication.AbstractAuthenticationProcessingFilter [http-nio-8080-exec-8] Did not match request to Ant [pattern='/login', POST]
2022-12-03 00:55:06,025 TRACE org.springframework.security.web.authentication.AbstractAuthenticationProcessingFilter [http-nio-8080-exec-4] Did not match request to Ant [pattern='/login', POST]
2022-12-03 00:55:06,025 TRACE org.springframework.security.web.authentication.AbstractAuthenticationProcessingFilter [http-nio-8080-exec-9] Did not match request to Ant [pattern='/login', POST]
2022-12-03 00:55:06,026 TRACE org.springframework.security.web.authentication.AbstractAuthenticationProcessingFilter [http-nio-8080-exec-1] Did not match request to Ant [pattern='/login', POST]
2022-12-03 00:55:06,028 TRACE org.springframework.security.web.authentication.AbstractAuthenticationProcessingFilter [http-nio-8080-exec-2] Did not match request to Ant [pattern='/login', POST]
2022-12-03 00:55:06,031 TRACE org.springframework.security.web.authentication.AbstractAuthenticationProcessingFilter [http-nio-8080-exec-5] Did not match request to Ant [pattern='/login', POST]
2022-12-03 00:55:06,043 TRACE org.springframework.security.web.authentication.AbstractAuthenticationProcessingFilter [http-nio-8080-exec-10] Did not match request to Ant [pattern='/login', POST]
2022-12-03 00:55:06,043 TRACE org.springframework.security.web.authentication.AbstractAuthenticationProcessingFilter [http-nio-8080-exec-6] Did not match request to Ant [pattern='/login', POST]
2022-12-03 00:55:06,043 TRACE org.springframework.security.web.authentication.AbstractAuthenticationProcessingFilter [http-nio-8080-exec-3] Did not match request to Ant [pattern='/login', POST]
2022-12-03 00:55:06,043 TRACE org.springframework.security.web.authentication.AbstractAuthenticationProcessingFilter [http-nio-8080-exec-7] Did not match request to Ant [pattern='/login', POST]
2022-12-03 00:55:06,070 TRACE org.springframework.security.web.authentication.AbstractAuthenticationProcessingFilter [http-nio-8080-exec-8] Did not match request to Ant [pattern='/login', POST]
2022-12-03 00:55:06,319 TRACE org.springframework.security.web.authentication.AbstractAuthenticationProcessingFilter [http-nio-8080-exec-9] Did not match request to Ant [pattern='/login', POST]
2022-12-03 00:55:06,320 TRACE org.springframework.security.web.authentication.AbstractAuthenticationProcessingFilter [http-nio-8080-exec-5] Did not match request to Ant [pattern='/login', POST]
2022-12-03 00:55:06,319 TRACE org.springframework.security.web.authentication.AbstractAuthenticationProcessingFilter [http-nio-8080-exec-1] Did not match request to Ant [pattern='/login', POST]
2022-12-03 00:55:06,321 TRACE org.springframework.security.web.authentication.AbstractAuthenticationProcessingFilter [http-nio-8080-exec-2] Did not match request to Ant [pattern='/login', POST]
2022-12-03 00:55:06,370 TRACE org.springframework.security.web.authentication.AbstractAuthenticationProcessingFilter [http-nio-8080-exec-4] Did not match request to Ant [pattern='/login', POST]
2022-12-03 00:55:13,606 TRACE org.springframework.security.web.authentication.AbstractAuthenticationProcessingFilter [http-nio-8080-exec-3] Did not match request to Ant [pattern='/login', POST]
2022-12-03 00:55:13,630 INFO com.tesla.generalmodule.controller.AdminController [http-nio-8080-exec-3] All user size = 7
2022-12-03 00:55:13,787 TRACE org.springframework.security.web.authentication.AbstractAuthenticationProcessingFilter [http-nio-8080-exec-10] Did not match request to Ant [pattern='/login', POST]
2022-12-03 00:55:13,787 TRACE org.springframework.security.web.authentication.AbstractAuthenticationProcessingFilter [http-nio-8080-exec-7] Did not match request to Ant [pattern='/login', POST]
2022-12-03 00:55:13,787 TRACE org.springframework.security.web.authentication.AbstractAuthenticationProcessingFilter [http-nio-8080-exec-6] Did not match request to Ant [pattern='/login', POST]
2022-12-03 00:55:13,788 TRACE org.springframework.security.web.authentication.AbstractAuthenticationProcessingFilter [http-nio-8080-exec-5] Did not match request to Ant [pattern='/login', POST]
2022-12-03 00:55:13,788 TRACE org.springframework.security.web.authentication.AbstractAuthenticationProcessingFilter [http-nio-8080-exec-8] Did not match request to Ant [pattern='/login', POST]
2022-12-03 00:55:13,788 TRACE org.springframework.security.web.authentication.AbstractAuthenticationProcessingFilter [http-nio-8080-exec-1] Did not match request to Ant [pattern='/login', POST]
2022-12-03 00:55:13,800 TRACE org.springframework.security.web.authentication.AbstractAuthenticationProcessingFilter [http-nio-8080-exec-2] Did not match request to Ant [pattern='/login', POST]
2022-12-03 00:55:13,804 TRACE org.springframework.security.web.authentication.AbstractAuthenticationProcessingFilter [http-nio-8080-exec-4] Did not match request to Ant [pattern='/login', POST]
2022-12-03 00:55:13,804 TRACE org.springframework.security.web.authentication.AbstractAuthenticationProcessingFilter [http-nio-8080-exec-10] Did not match request to Ant [pattern='/login', POST]
2022-12-03 00:55:13,803 TRACE org.springframework.security.web.authentication.AbstractAuthenticationProcessingFilter [http-nio-8080-exec-9] Did not match request to Ant [pattern='/login', POST]
2022-12-03 00:55:13,804 TRACE org.springframework.security.web.authentication.AbstractAuthenticationProcessingFilter [http-nio-8080-exec-3] Did not match request to Ant [pattern='/login', POST]
2022-12-03 00:55:13,821 TRACE org.springframework.security.web.authentication.AbstractAuthenticationProcessingFilter [http-nio-8080-exec-3] Did not match request to Ant [pattern='/login', POST]
2022-12-03 00:55:13,846 TRACE org.springframework.security.web.authentication.AbstractAuthenticationProcessingFilter [http-nio-8080-exec-8] Did not match request to Ant [pattern='/login', POST]
2022-12-03 00:55:13,937 TRACE org.springframework.security.web.authentication.AbstractAuthenticationProcessingFilter [http-nio-8080-exec-6] Did not match request to Ant [pattern='/login', POST]
2022-12-03 00:55:17,174 TRACE org.springframework.security.web.authentication.AbstractAuthenticationProcessingFilter [http-nio-8080-exec-5] Did not match request to Ant [pattern='/login', POST]
2022-12-03 00:55:17,235 INFO com.tesla.generalmodule.controller.AdminController [http-nio-8080-exec-5] deleted USER id = 11
2022-12-03 00:55:17,248 TRACE org.springframework.security.web.authentication.AbstractAuthenticationProcessingFilter [http-nio-8080-exec-3] Did not match request to Ant [pattern='/login', POST]
2022-12-03 00:55:17,254 INFO com.tesla.generalmodule.controller.AdminController [http-nio-8080-exec-3] All user size = 6
2022-12-03 00:55:17,272 TRACE org.springframework.security.web.authentication.AbstractAuthenticationProcessingFilter [http-nio-8080-exec-8] Did not match request to Ant [pattern='/login', POST]
2022-12-03 00:55:17,273 TRACE org.springframework.security.web.authentication.AbstractAuthenticationProcessingFilter [http-nio-8080-exec-6] Did not match request to Ant [pattern='/login', POST]
2022-12-03 00:55:17,278 TRACE org.springframework.security.web.authentication.AbstractAuthenticationProcessingFilter [http-nio-8080-exec-6] Did not match request to Ant [pattern='/login', POST]
2022-12-03 00:55:17,278 TRACE org.springframework.security.web.authentication.AbstractAuthenticationProcessingFilter [http-nio-8080-exec-7] Did not match request to Ant [pattern='/login', POST]
2022-12-03 00:55:17,290 TRACE org.springframework.security.web.authentication.AbstractAuthenticationProcessingFilter [http-nio-8080-exec-4] Did not match request to Ant [pattern='/login', POST]
2022-12-03 00:55:17,291 TRACE org.springframework.security.web.authentication.AbstractAuthenticationProcessingFilter [http-nio-8080-exec-1] Did not match request to Ant [pattern='/login', POST]
2022-12-03 00:55:17,295 TRACE org.springframework.security.web.authentication.AbstractAuthenticationProcessingFilter [http-nio-8080-exec-10] Did not match request to Ant [pattern='/login', POST]
2022-12-03 00:55:17,298 TRACE org.springframework.security.web.authentication.AbstractAuthenticationProcessingFilter [http-nio-8080-exec-1] Did not match request to Ant [pattern='/login', POST]
2022-12-03 00:55:17,300 TRACE org.springframework.security.web.authentication.AbstractAuthenticationProcessingFilter [http-nio-8080-exec-5] Did not match request to Ant [pattern='/login', POST]
2022-12-03 00:55:17,301 TRACE org.springframework.security.web.authentication.AbstractAuthenticationProcessingFilter [http-nio-8080-exec-3] Did not match request to Ant [pattern='/login', POST]
2022-12-03 00:55:17,304 TRACE org.springframework.security.web.authentication.AbstractAuthenticationProcessingFilter [http-nio-8080-exec-2] Did not match request to Ant [pattern='/login', POST]
2022-12-03 00:55:17,312 TRACE org.springframework.security.web.authentication.AbstractAuthenticationProcessingFilter [http-nio-8080-exec-8] Did not match request to Ant [pattern='/login', POST]
2022-12-03 00:55:17,325 TRACE org.springframework.security.web.authentication.AbstractAuthenticationProcessingFilter [http-nio-8080-exec-7] Did not match request to Ant [pattern='/login', POST]
2022-12-03 00:55:17,360 TRACE org.springframework.security.web.authentication.AbstractAuthenticationProcessingFilter [http-nio-8080-exec-6] Did not match request to Ant [pattern='/login', POST]
2022-12-03 00:55:38,968 TRACE org.springframework.security.web.authentication.AbstractAuthenticationProcessingFilter [http-nio-8080-exec-3] Did not match request to Ant [pattern='/login', POST]
2022-12-03 00:55:38,972 INFO com.tesla.generalmodule.controller.AdminController [http-nio-8080-exec-3] All user size = 6
2022-12-03 00:55:39,034 TRACE org.springframework.security.web.authentication.AbstractAuthenticationProcessingFilter [http-nio-8080-exec-2] Did not match request to Ant [pattern='/login', POST]
2022-12-03 00:55:39,035 TRACE org.springframework.security.web.authentication.AbstractAuthenticationProcessingFilter [http-nio-8080-exec-8] Did not match request to Ant [pattern='/login', POST]
2022-12-03 00:55:39,039 TRACE org.springframework.security.web.authentication.AbstractAuthenticationProcessingFilter [http-nio-8080-exec-6] Did not match request to Ant [pattern='/login', POST]
2022-12-03 00:55:39,039 TRACE org.springframework.security.web.authentication.AbstractAuthenticationProcessingFilter [http-nio-8080-exec-7] Did not match request to Ant [pattern='/login', POST]
2022-12-03 00:55:39,040 TRACE org.springframework.security.web.authentication.AbstractAuthenticationProcessingFilter [http-nio-8080-exec-5] Did not match request to Ant [pattern='/login', POST]
2022-12-03 00:55:39,040 TRACE org.springframework.security.web.authentication.AbstractAuthenticationProcessingFilter [http-nio-8080-exec-10] Did not match request to Ant [pattern='/login', POST]
2022-12-03 00:55:39,047 TRACE org.springframework.security.web.authentication.AbstractAuthenticationProcessingFilter [http-nio-8080-exec-10] Did not match request to Ant [pattern='/login', POST]
2022-12-03 00:55:39,048 TRACE org.springframework.security.web.authentication.AbstractAuthenticationProcessingFilter [http-nio-8080-exec-4] Did not match request to Ant [pattern='/login', POST]
2022-12-03 00:55:39,050 TRACE org.springframework.security.web.authentication.AbstractAuthenticationProcessingFilter [http-nio-8080-exec-1] Did not match request to Ant [pattern='/login', POST]
2022-12-03 00:55:39,051 TRACE org.springframework.security.web.authentication.AbstractAuthenticationProcessingFilter [http-nio-8080-exec-3] Did not match request to Ant [pattern='/login', POST]
2022-12-03 00:55:39,110 TRACE org.springframework.security.web.authentication.AbstractAuthenticationProcessingFilter [http-nio-8080-exec-8] Did not match request to Ant [pattern='/login', POST]
2022-12-03 00:55:41,120 TRACE org.springframework.security.web.authentication.AbstractAuthenticationProcessingFilter [http-nio-8080-exec-2] Did not match request to Ant [pattern='/login', POST]
2022-12-03 00:55:41,183 TRACE org.springframework.security.web.authentication.AbstractAuthenticationProcessingFilter [http-nio-8080-exec-6] Did not match request to Ant [pattern='/login', POST]
2022-12-03 00:55:41,185 TRACE org.springframework.security.web.authentication.AbstractAuthenticationProcessingFilter [http-nio-8080-exec-7] Did not match request to Ant [pattern='/login', POST]
2022-12-03 00:55:41,186 TRACE org.springframework.security.web.authentication.AbstractAuthenticationProcessingFilter [http-nio-8080-exec-5] Did not match request to Ant [pattern='/login', POST]
2022-12-03 00:55:41,187 TRACE org.springframework.security.web.authentication.AbstractAuthenticationProcessingFilter [http-nio-8080-exec-6] Did not match request to Ant [pattern='/login', POST]
2022-12-03 00:55:41,190 TRACE org.springframework.security.web.authentication.AbstractAuthenticationProcessingFilter [http-nio-8080-exec-10] Did not match request to Ant [pattern='/login', POST]
2022-12-03 00:55:41,191 TRACE org.springframework.security.web.authentication.AbstractAuthenticationProcessingFilter [http-nio-8080-exec-4] Did not match request to Ant [pattern='/login', POST]
2022-12-03 00:55:41,197 TRACE org.springframework.security.web.authentication.AbstractAuthenticationProcessingFilter [http-nio-8080-exec-1] Did not match request to Ant [pattern='/login', POST]
2022-12-03 00:55:41,200 TRACE org.springframework.security.web.authentication.AbstractAuthenticationProcessingFilter [http-nio-8080-exec-3] Did not match request to Ant [pattern='/login', POST]
2022-12-03 00:55:41,202 TRACE org.springframework.security.web.authentication.AbstractAuthenticationProcessingFilter [http-nio-8080-exec-1] Did not match request to Ant [pattern='/login', POST]
2022-12-03 00:55:41,203 TRACE org.springframework.security.web.authentication.AbstractAuthenticationProcessingFilter [http-nio-8080-exec-8] Did not match request to Ant [pattern='/login', POST]
2022-12-03 00:55:41,213 TRACE org.springframework.security.web.authentication.AbstractAuthenticationProcessingFilter [http-nio-8080-exec-5] Did not match request to Ant [pattern='/login', POST]
2022-12-03 00:55:41,213 TRACE org.springframework.security.web.authentication.AbstractAuthenticationProcessingFilter [http-nio-8080-exec-9] Did not match request to Ant [pattern='/login', POST]
2022-12-03 00:55:41,220 TRACE org.springframework.security.web.authentication.AbstractAuthenticationProcessingFilter [http-nio-8080-exec-6] Did not match request to Ant [pattern='/login', POST]
2022-12-03 00:55:41,220 TRACE org.springframework.security.web.authentication.AbstractAuthenticationProcessingFilter [http-nio-8080-exec-9] Did not match request to Ant [pattern='/login', POST]
2022-12-03 00:55:41,220 TRACE org.springframework.security.web.authentication.AbstractAuthenticationProcessingFilter [http-nio-8080-exec-10] Did not match request to Ant [pattern='/login', POST]
2022-12-03 00:55:41,221 TRACE org.springframework.security.web.authentication.AbstractAuthenticationProcessingFilter [http-nio-8080-exec-7] Did not match request to Ant [pattern='/login', POST]
2022-12-03 00:55:41,231 TRACE org.springframework.security.web.authentication.AbstractAuthenticationProcessingFilter [http-nio-8080-exec-2] Did not match request to Ant [pattern='/login', POST]
2022-12-03 00:55:41,234 TRACE org.springframework.security.web.authentication.AbstractAuthenticationProcessingFilter [http-nio-8080-exec-1] Did not match request to Ant [pattern='/login', POST]
2022-12-03 00:55:41,242 TRACE org.springframework.security.web.authentication.AbstractAuthenticationProcessingFilter [http-nio-8080-exec-3] Did not match request to Ant [pattern='/login', POST]
2022-12-03 00:55:41,544 TRACE org.springframework.security.web.authentication.AbstractAuthenticationProcessingFilter [http-nio-8080-exec-5] Did not match request to Ant [pattern='/login', POST]
2022-12-03 00:55:41,544 TRACE org.springframework.security.web.authentication.AbstractAuthenticationProcessingFilter [http-nio-8080-exec-4] Did not match request to Ant [pattern='/login', POST]
2022-12-03 00:55:41,544 TRACE org.springframework.security.web.authentication.AbstractAuthenticationProcessingFilter [http-nio-8080-exec-8] Did not match request to Ant [pattern='/login', POST]
2022-12-03 00:55:41,545 TRACE org.springframework.security.web.authentication.AbstractAuthenticationProcessingFilter [http-nio-8080-exec-6] Did not match request to Ant [pattern='/login', POST]
2022-12-03 00:55:41,627 TRACE org.springframework.security.web.authentication.AbstractAuthenticationProcessingFilter [http-nio-8080-exec-10] Did not match request to Ant [pattern='/login', POST]
2022-12-03 00:55:43,791 TRACE org.springframework.security.web.authentication.AbstractAuthenticationProcessingFilter [http-nio-8080-exec-9] Did not match request to Ant [pattern='/login', POST]
2022-12-03 00:55:43,823 TRACE org.springframework.security.web.authentication.AbstractAuthenticationProcessingFilter [http-nio-8080-exec-1] Did not match request to Ant [pattern='/login', POST]
2022-12-03 00:55:43,823 TRACE org.springframework.security.web.authentication.AbstractAuthenticationProcessingFilter [http-nio-8080-exec-7] Did not match request to Ant [pattern='/login', POST]
2022-12-03 00:55:43,824 TRACE org.springframework.security.web.authentication.AbstractAuthenticationProcessingFilter [http-nio-8080-exec-2] Did not match request to Ant [pattern='/login', POST]
2022-12-03 00:55:43,824 TRACE org.springframework.security.web.authentication.AbstractAuthenticationProcessingFilter [http-nio-8080-exec-3] Did not match request to Ant [pattern='/login', POST]
2022-12-03 00:55:43,824 TRACE org.springframework.security.web.authentication.AbstractAuthenticationProcessingFilter [http-nio-8080-exec-5] Did not match request to Ant [pattern='/login', POST]
2022-12-03 00:55:43,825 TRACE org.springframework.security.web.authentication.AbstractAuthenticationProcessingFilter [http-nio-8080-exec-8] Did not match request to Ant [pattern='/login', POST]
2022-12-03 00:55:43,833 TRACE org.springframework.security.web.authentication.AbstractAuthenticationProcessingFilter [http-nio-8080-exec-6] Did not match request to Ant [pattern='/login', POST]
2022-12-03 00:55:43,834 TRACE org.springframework.security.web.authentication.AbstractAuthenticationProcessingFilter [http-nio-8080-exec-4] Did not match request to Ant [pattern='/login', POST]
2022-12-03 00:55:43,834 TRACE org.springframework.security.web.authentication.AbstractAuthenticationProcessingFilter [http-nio-8080-exec-10] Did not match request to Ant [pattern='/login', POST]
2022-12-03 00:55:43,834 TRACE org.springframework.security.web.authentication.AbstractAuthenticationProcessingFilter [http-nio-8080-exec-9] Did not match request to Ant [pattern='/login', POST]
2022-12-03 00:55:43,834 TRACE org.springframework.security.web.authentication.AbstractAuthenticationProcessingFilter [http-nio-8080-exec-1] Did not match request to Ant [pattern='/login', POST]
2022-12-03 00:55:43,846 TRACE org.springframework.security.web.authentication.AbstractAuthenticationProcessingFilter [http-nio-8080-exec-3] Did not match request to Ant [pattern='/login', POST]
2022-12-03 00:55:43,863 TRACE org.springframework.security.web.authentication.AbstractAuthenticationProcessingFilter [http-nio-8080-exec-2] Did not match request to Ant [pattern='/login', POST]
2022-12-03 00:55:43,893 TRACE org.springframework.security.web.authentication.AbstractAuthenticationProcessingFilter [http-nio-8080-exec-5] Did not match request to Ant [pattern='/login', POST]
2022-12-03 00:55:45,846 TRACE org.springframework.security.web.authentication.AbstractAuthenticationProcessingFilter [http-nio-8080-exec-1] Did not match request to Ant [pattern='/login', POST]
2022-12-03 00:55:45,910 TRACE org.springframework.security.web.authentication.AbstractAuthenticationProcessingFilter [http-nio-8080-exec-3] Did not match request to Ant [pattern='/login', POST]
2022-12-03 00:55:45,910 TRACE org.springframework.security.web.authentication.AbstractAuthenticationProcessingFilter [http-nio-8080-exec-2] Did not match request to Ant [pattern='/login', POST]
2022-12-03 00:55:45,913 TRACE org.springframework.security.web.authentication.AbstractAuthenticationProcessingFilter [http-nio-8080-exec-5] Did not match request to Ant [pattern='/login', POST]
2022-12-03 00:55:45,914 TRACE org.springframework.security.web.authentication.AbstractAuthenticationProcessingFilter [http-nio-8080-exec-6] Did not match request to Ant [pattern='/login', POST]
2022-12-03 00:55:45,914 TRACE org.springframework.security.web.authentication.AbstractAuthenticationProcessingFilter [http-nio-8080-exec-8] Did not match request to Ant [pattern='/login', POST]
2022-12-03 00:55:45,918 TRACE org.springframework.security.web.authentication.AbstractAuthenticationProcessingFilter [http-nio-8080-exec-10] Did not match request to Ant [pattern='/login', POST]
2022-12-03 00:55:45,922 TRACE org.springframework.security.web.authentication.AbstractAuthenticationProcessingFilter [http-nio-8080-exec-4] Did not match request to Ant [pattern='/login', POST]
2022-12-03 00:55:45,922 TRACE org.springframework.security.web.authentication.AbstractAuthenticationProcessingFilter [http-nio-8080-exec-9] Did not match request to Ant [pattern='/login', POST]
2022-12-03 00:55:45,923 TRACE org.springframework.security.web.authentication.AbstractAuthenticationProcessingFilter [http-nio-8080-exec-7] Did not match request to Ant [pattern='/login', POST]
2022-12-03 00:55:45,924 TRACE org.springframework.security.web.authentication.AbstractAuthenticationProcessingFilter [http-nio-8080-exec-1] Did not match request to Ant [pattern='/login', POST]
2022-12-03 00:55:45,924 TRACE org.springframework.security.web.authentication.AbstractAuthenticationProcessingFilter [http-nio-8080-exec-6] Did not match request to Ant [pattern='/login', POST]
2022-12-03 00:55:45,925 TRACE org.springframework.security.web.authentication.AbstractAuthenticationProcessingFilter [http-nio-8080-exec-2] Did not match request to Ant [pattern='/login', POST]
2022-12-03 00:55:45,948 TRACE org.springframework.security.web.authentication.AbstractAuthenticationProcessingFilter [http-nio-8080-exec-5] Did not match request to Ant [pattern='/login', POST]
2022-12-03 00:55:45,959 TRACE org.springframework.security.web.authentication.AbstractAuthenticationProcessingFilter [http-nio-8080-exec-8] Did not match request to Ant [pattern='/login', POST]
2022-12-03 00:55:45,998 TRACE org.springframework.security.web.authentication.AbstractAuthenticationProcessingFilter [http-nio-8080-exec-3] Did not match request to Ant [pattern='/login', POST]
2022-12-03 00:55:58,110 TRACE org.springframework.security.web.authentication.AbstractAuthenticationProcessingFilter [http-nio-8080-exec-2] Did not match request to Ant [pattern='/login', POST]
2022-12-03 00:55:58,121 WARN com.tesla.generalmodule.controller.UserController [http-nio-8080-exec-2] USER email already exist = narekmartirosyanbm21@gmail.com
2022-12-03 00:55:58,147 TRACE org.springframework.security.web.authentication.AbstractAuthenticationProcessingFilter [http-nio-8080-exec-5] Did not match request to Ant [pattern='/login', POST]
2022-12-03 00:55:58,149 TRACE org.springframework.security.web.authentication.AbstractAuthenticationProcessingFilter [http-nio-8080-exec-8] Did not match request to Ant [pattern='/login', POST]
2022-12-03 00:55:58,150 TRACE org.springframework.security.web.authentication.AbstractAuthenticationProcessingFilter [http-nio-8080-exec-4] Did not match request to Ant [pattern='/login', POST]
2022-12-03 00:55:58,150 TRACE org.springframework.security.web.authentication.AbstractAuthenticationProcessingFilter [http-nio-8080-exec-3] Did not match request to Ant [pattern='/login', POST]
2022-12-03 00:55:58,156 TRACE org.springframework.security.web.authentication.AbstractAuthenticationProcessingFilter [http-nio-8080-exec-7] Did not match request to Ant [pattern='/login', POST]
2022-12-03 00:55:58,155 TRACE org.springframework.security.web.authentication.AbstractAuthenticationProcessingFilter [http-nio-8080-exec-10] Did not match request to Ant [pattern='/login', POST]
2022-12-03 00:55:58,158 TRACE org.springframework.security.web.authentication.AbstractAuthenticationProcessingFilter [http-nio-8080-exec-1] Did not match request to Ant [pattern='/login', POST]
2022-12-03 00:55:58,164 TRACE org.springframework.security.web.authentication.AbstractAuthenticationProcessingFilter [http-nio-8080-exec-9] Did not match request to Ant [pattern='/login', POST]
2022-12-03 00:55:58,165 TRACE org.springframework.security.web.authentication.AbstractAuthenticationProcessingFilter [http-nio-8080-exec-6] Did not match request to Ant [pattern='/login', POST]
2022-12-03 00:55:58,168 TRACE org.springframework.security.web.authentication.AbstractAuthenticationProcessingFilter [http-nio-8080-exec-2] Did not match request to Ant [pattern='/login', POST]
2022-12-03 00:55:58,173 TRACE org.springframework.security.web.authentication.AbstractAuthenticationProcessingFilter [http-nio-8080-exec-5] Did not match request to Ant [pattern='/login', POST]
2022-12-03 00:55:58,174 TRACE org.springframework.security.web.authentication.AbstractAuthenticationProcessingFilter [http-nio-8080-exec-8] Did not match request to Ant [pattern='/login', POST]
2022-12-03 00:55:58,181 TRACE org.springframework.security.web.authentication.AbstractAuthenticationProcessingFilter [http-nio-8080-exec-4] Did not match request to Ant [pattern='/login', POST]
2022-12-03 00:55:58,197 TRACE org.springframework.security.web.authentication.AbstractAuthenticationProcessingFilter [http-nio-8080-exec-3] Did not match request to Ant [pattern='/login', POST]
2022-12-03 00:55:58,236 TRACE org.springframework.security.web.authentication.AbstractAuthenticationProcessingFilter [http-nio-8080-exec-7] Did not match request to Ant [pattern='/login', POST]
2022-12-03 00:56:09,386 TRACE org.springframework.security.web.authentication.AbstractAuthenticationProcessingFilter [http-nio-8080-exec-5] Did not match request to Ant [pattern='/login', POST]
2022-12-03 00:56:09,421 TRACE org.springframework.security.web.authentication.AbstractAuthenticationProcessingFilter [http-nio-8080-exec-4] Did not match request to Ant [pattern='/login', POST]
2022-12-03 00:56:09,424 TRACE org.springframework.security.web.authentication.AbstractAuthenticationProcessingFilter [http-nio-8080-exec-3] Did not match request to Ant [pattern='/login', POST]
2022-12-03 00:56:09,425 TRACE org.springframework.security.web.authentication.AbstractAuthenticationProcessingFilter [http-nio-8080-exec-7] Did not match request to Ant [pattern='/login', POST]
2022-12-03 00:56:09,427 TRACE org.springframework.security.web.authentication.AbstractAuthenticationProcessingFilter [http-nio-8080-exec-9] Did not match request to Ant [pattern='/login', POST]
2022-12-03 00:56:09,426 TRACE org.springframework.security.web.authentication.AbstractAuthenticationProcessingFilter [http-nio-8080-exec-10] Did not match request to Ant [pattern='/login', POST]
2022-12-03 00:56:09,427 TRACE org.springframework.security.web.authentication.AbstractAuthenticationProcessingFilter [http-nio-8080-exec-3] Did not match request to Ant [pattern='/login', POST]
2022-12-03 00:56:09,435 TRACE org.springframework.security.web.authentication.AbstractAuthenticationProcessingFilter [http-nio-8080-exec-6] Did not match request to Ant [pattern='/login', POST]
2022-12-03 00:56:09,435 TRACE org.springframework.security.web.authentication.AbstractAuthenticationProcessingFilter [http-nio-8080-exec-1] Did not match request to Ant [pattern='/login', POST]
2022-12-03 00:56:09,440 TRACE org.springframework.security.web.authentication.AbstractAuthenticationProcessingFilter [http-nio-8080-exec-5] Did not match request to Ant [pattern='/login', POST]
2022-12-03 00:56:09,440 TRACE org.springframework.security.web.authentication.AbstractAuthenticationProcessingFilter [http-nio-8080-exec-2] Did not match request to Ant [pattern='/login', POST]
2022-12-03 00:56:09,440 TRACE org.springframework.security.web.authentication.AbstractAuthenticationProcessingFilter [http-nio-8080-exec-4] Did not match request to Ant [pattern='/login', POST]
2022-12-03 00:56:09,514 TRACE org.springframework.security.web.authentication.AbstractAuthenticationProcessingFilter [http-nio-8080-exec-8] Did not match request to Ant [pattern='/login', POST]
2022-12-03 00:58:14,420 TRACE org.springframework.security.web.authentication.AbstractAuthenticationProcessingFilter [http-nio-8080-exec-5] Did not match request to Ant [pattern='/login', POST]
2022-12-03 00:58:14,484 TRACE org.springframework.security.web.authentication.AbstractAuthenticationProcessingFilter [http-nio-8080-exec-2] Did not match request to Ant [pattern='/login', POST]
2022-12-03 00:58:14,484 TRACE org.springframework.security.web.authentication.AbstractAuthenticationProcessingFilter [http-nio-8080-exec-4] Did not match request to Ant [pattern='/login', POST]
2022-12-03 00:58:14,486 TRACE org.springframework.security.web.authentication.AbstractAuthenticationProcessingFilter [http-nio-8080-exec-8] Did not match request to Ant [pattern='/login', POST]
2022-12-03 00:58:14,487 TRACE org.springframework.security.web.authentication.AbstractAuthenticationProcessingFilter [http-nio-8080-exec-4] Did not match request to Ant [pattern='/login', POST]
2022-12-03 00:58:14,487 TRACE org.springframework.security.web.authentication.AbstractAuthenticationProcessingFilter [http-nio-8080-exec-2] Did not match request to Ant [pattern='/login', POST]
2022-12-03 00:58:14,487 TRACE org.springframework.security.web.authentication.AbstractAuthenticationProcessingFilter [http-nio-8080-exec-3] Did not match request to Ant [pattern='/login', POST]
2022-12-03 00:58:14,493 TRACE org.springframework.security.web.authentication.AbstractAuthenticationProcessingFilter [http-nio-8080-exec-6] Did not match request to Ant [pattern='/login', POST]
2022-12-03 00:58:14,500 TRACE org.springframework.security.web.authentication.AbstractAuthenticationProcessingFilter [http-nio-8080-exec-7] Did not match request to Ant [pattern='/login', POST]
2022-12-03 00:58:14,501 TRACE org.springframework.security.web.authentication.AbstractAuthenticationProcessingFilter [http-nio-8080-exec-1] Did not match request to Ant [pattern='/login', POST]
2022-12-03 00:58:14,502 TRACE org.springframework.security.web.authentication.AbstractAuthenticationProcessingFilter [http-nio-8080-exec-5] Did not match request to Ant [pattern='/login', POST]
2022-12-03 00:58:14,506 TRACE org.springframework.security.web.authentication.AbstractAuthenticationProcessingFilter [http-nio-8080-exec-10] Did not match request to Ant [pattern='/login', POST]
2022-12-03 00:58:14,510 TRACE org.springframework.security.web.authentication.AbstractAuthenticationProcessingFilter [http-nio-8080-exec-1] Did not match request to Ant [pattern='/login', POST]
2022-12-03 00:58:14,512 TRACE org.springframework.security.web.authentication.AbstractAuthenticationProcessingFilter [http-nio-8080-exec-9] Did not match request to Ant [pattern='/login', POST]
2022-12-03 00:58:14,541 TRACE org.springframework.security.web.authentication.AbstractAuthenticationProcessingFilter [http-nio-8080-exec-2] Did not match request to Ant [pattern='/login', POST]
2022-12-03 00:58:14,541 TRACE org.springframework.security.web.authentication.AbstractAuthenticationProcessingFilter [http-nio-8080-exec-4] Did not match request to Ant [pattern='/login', POST]
2022-12-03 00:58:14,541 TRACE org.springframework.security.web.authentication.AbstractAuthenticationProcessingFilter [http-nio-8080-exec-3] Did not match request to Ant [pattern='/login', POST]
2022-12-03 00:58:14,544 TRACE org.springframework.security.web.authentication.AbstractAuthenticationProcessingFilter [http-nio-8080-exec-6] Did not match request to Ant [pattern='/login', POST]
2022-12-03 00:58:14,547 TRACE org.springframework.security.web.authentication.AbstractAuthenticationProcessingFilter [http-nio-8080-exec-3] Did not match request to Ant [pattern='/login', POST]
2022-12-03 00:58:14,552 TRACE org.springframework.security.web.authentication.AbstractAuthenticationProcessingFilter [http-nio-8080-exec-7] Did not match request to Ant [pattern='/login', POST]
2022-12-03 00:58:14,562 TRACE org.springframework.security.web.authentication.AbstractAuthenticationProcessingFilter [http-nio-8080-exec-1] Did not match request to Ant [pattern='/login', POST]
2022-12-03 00:58:14,568 TRACE org.springframework.security.web.authentication.AbstractAuthenticationProcessingFilter [http-nio-8080-exec-10] Did not match request to Ant [pattern='/login', POST]
2022-12-03 00:58:14,619 TRACE org.springframework.security.web.authentication.AbstractAuthenticationProcessingFilter [http-nio-8080-exec-9] Did not match request to Ant [pattern='/login', POST]
2022-12-03 00:58:14,620 TRACE org.springframework.security.web.authentication.AbstractAuthenticationProcessingFilter [http-nio-8080-exec-8] Did not match request to Ant [pattern='/login', POST]
2022-12-03 00:58:14,619 TRACE org.springframework.security.web.authentication.AbstractAuthenticationProcessingFilter [http-nio-8080-exec-5] Did not match request to Ant [pattern='/login', POST]
2022-12-03 00:58:14,619 TRACE org.springframework.security.web.authentication.AbstractAuthenticationProcessingFilter [http-nio-8080-exec-2] Did not match request to Ant [pattern='/login', POST]
2022-12-03 00:58:14,654 TRACE org.springframework.security.web.authentication.AbstractAuthenticationProcessingFilter [http-nio-8080-exec-4] Did not match request to Ant [pattern='/login', POST]
2022-12-03 01:37:25,381 INFO org.springframework.orm.jpa.AbstractEntityManagerFactoryBean [SpringApplicationShutdownHook] Closing JPA EntityManagerFactory for persistence unit 'default'
2022-12-03 01:37:25,385 INFO com.zaxxer.hikari.HikariDataSource [SpringApplicationShutdownHook] HikariPool-1 - Shutdown initiated...
2022-12-03 01:37:25,393 INFO com.zaxxer.hikari.HikariDataSource [SpringApplicationShutdownHook] HikariPool-1 - Shutdown completed.
